{"/Users/viki/WebstormProjects/shoppingcart/src/modules/auth/auth.controller.ts": {"path":"/Users/viki/WebstormProjects/shoppingcart/src/modules/auth/auth.controller.ts","statementMap":{"0":{"start":{"line":1,"column":0},"end":{"line":1,"column":92}},"1":{"start":{"line":2,"column":0},"end":{"line":2,"column":43}},"2":{"start":{"line":3,"column":0},"end":{"line":3,"column":58}},"3":{"start":{"line":4,"column":0},"end":{"line":4,"column":39}},"4":{"start":{"line":5,"column":0},"end":{"line":5,"column":45}},"5":{"start":{"line":9,"column":0},"end":{"line":41,"column":null}},"6":{"start":{"line":12,"column":16},"end":{"line":12,"column":29}},"7":{"start":{"line":13,"column":16},"end":{"line":13,"column":31}},"8":{"start":{"line":21,"column":25},"end":{"line":21,"column":50}},"9":{"start":{"line":22,"column":19},"end":{"line":22,"column":28}},"10":{"start":{"line":23,"column":8},"end":{"line":25,"column":null}},"11":{"start":{"line":24,"column":12},"end":{"line":24,"column":30}},"12":{"start":{"line":26,"column":8},"end":{"line":29,"column":null}},"13":{"start":{"line":35,"column":8},"end":{"line":38,"column":null}},"14":{"start":{"line":19,"column":4},"end":{"line":30,"column":null}},"15":{"start":{"line":34,"column":4},"end":{"line":39,"column":null}},"16":{"start":{"line":9,"column":13},"end":{"line":41,"column":null}},"17":{"start":{"line":9,"column":13},"end":{"line":9,"column":27}}},"fnMap":{"0":{"name":"(anonymous_11)","decl":{"start":{"line":11,"column":4},"end":{"line":11,"column":null}},"loc":{"start":{"line":13,"column":44},"end":{"line":15,"column":5}}},"1":{"name":"(anonymous_12)","decl":{"start":{"line":19,"column":17},"end":{"line":19,"column":23}},"loc":{"start":{"line":19,"column":66},"end":{"line":30,"column":null}}},"2":{"name":"(anonymous_14)","decl":{"start":{"line":34,"column":17},"end":{"line":34,"column":23}},"loc":{"start":{"line":34,"column":49},"end":{"line":39,"column":null}}}},"branchMap":{"0":{"loc":{"start":{"line":23,"column":8},"end":{"line":25,"column":null}},"type":"if","locations":[{"start":{"line":23,"column":8},"end":{"line":25,"column":null}}]},"1":{"loc":{"start":{"line":23,"column":12},"end":{"line":23,"column":72}},"type":"binary-expr","locations":[{"start":{"line":23,"column":12},"end":{"line":23,"column":20}},{"start":{"line":23,"column":24},"end":{"line":23,"column":72}}]}},"s":{"0":1,"1":1,"2":1,"3":1,"4":1,"5":1,"6":4,"7":4,"8":2,"9":2,"10":2,"11":1,"12":2,"13":1,"14":1,"15":1,"16":1,"17":1},"f":{"0":4,"1":2,"2":1},"b":{"0":[1],"1":[2,1]}}
,"/Users/viki/WebstormProjects/shoppingcart/src/modules/auth/auth.guard.ts": {"path":"/Users/viki/WebstormProjects/shoppingcart/src/modules/auth/auth.guard.ts","statementMap":{"0":{"start":{"line":1,"column":0},"end":{"line":1,"column":null}},"1":{"start":{"line":7,"column":0},"end":{"line":7,"column":41}},"2":{"start":{"line":9,"column":0},"end":{"line":9,"column":45}},"3":{"start":{"line":12,"column":0},"end":{"line":44,"column":null}},"4":{"start":{"line":14,"column":16},"end":{"line":14,"column":28}},"5":{"start":{"line":15,"column":16},"end":{"line":15,"column":31}},"6":{"start":{"line":19,"column":24},"end":{"line":19,"column":59}},"7":{"start":{"line":20,"column":22},"end":{"line":20,"column":58}},"8":{"start":{"line":21,"column":8},"end":{"line":23,"column":null}},"9":{"start":{"line":22,"column":12},"end":{"line":22,"column":46}},"10":{"start":{"line":24,"column":8},"end":{"line":36,"column":null}},"11":{"start":{"line":25,"column":28},"end":{"line":29,"column":null}},"12":{"start":{"line":33,"column":12},"end":{"line":33,"column":38}},"13":{"start":{"line":35,"column":12},"end":{"line":35,"column":46}},"14":{"start":{"line":37,"column":8},"end":{"line":37,"column":20}},"15":{"start":{"line":41,"column":30},"end":{"line":41,"column":77}},"16":{"start":{"line":42,"column":8},"end":{"line":42,"column":53}},"17":{"start":{"line":12,"column":13},"end":{"line":44,"column":null}},"18":{"start":{"line":12,"column":13},"end":{"line":12,"column":22}}},"fnMap":{"0":{"name":"(anonymous_9)","decl":{"start":{"line":13,"column":4},"end":{"line":13,"column":null}},"loc":{"start":{"line":15,"column":44},"end":{"line":16,"column":8}}},"1":{"name":"(anonymous_10)","decl":{"start":{"line":18,"column":10},"end":{"line":18,"column":21}},"loc":{"start":{"line":18,"column":47},"end":{"line":38,"column":null}}},"2":{"name":"(anonymous_12)","decl":{"start":{"line":40,"column":12},"end":{"line":40,"column":34}},"loc":{"start":{"line":40,"column":51},"end":{"line":43,"column":5}}}},"branchMap":{"0":{"loc":{"start":{"line":21,"column":8},"end":{"line":23,"column":null}},"type":"if","locations":[{"start":{"line":21,"column":8},"end":{"line":23,"column":null}}]},"1":{"loc":{"start":{"line":41,"column":30},"end":{"line":41,"column":77}},"type":"cond-expr","locations":[{"start":{"line":41,"column":71},"end":{"line":41,"column":75}},{"start":{"line":41,"column":75},"end":{"line":41,"column":77}}]},"2":{"loc":{"start":{"line":41,"column":30},"end":{"line":41,"column":75}},"type":"binary-expr","locations":[{"start":{"line":41,"column":30},"end":{"line":41,"column":75}},{"start":{"line":41,"column":71},"end":{"line":41,"column":75}}]},"3":{"loc":{"start":{"line":41,"column":30},"end":{"line":41,"column":71}},"type":"cond-expr","locations":[{"start":{"line":41,"column":59},"end":{"line":41,"column":61}},{"start":{"line":41,"column":59},"end":{"line":41,"column":71}}]},"4":{"loc":{"start":{"line":41,"column":30},"end":{"line":41,"column":61}},"type":"binary-expr","locations":[{"start":{"line":41,"column":30},"end":{"line":41,"column":61}},{"start":{"line":41,"column":59},"end":{"line":41,"column":61}}]},"5":{"loc":{"start":{"line":42,"column":15},"end":{"line":42,"column":52}},"type":"cond-expr","locations":[{"start":{"line":42,"column":35},"end":{"line":42,"column":40}},{"start":{"line":42,"column":43},"end":{"line":42,"column":52}}]}},"s":{"0":3,"1":3,"2":3,"3":3,"4":4,"5":4,"6":3,"7":3,"8":3,"9":1,"10":2,"11":2,"12":1,"13":1,"14":1,"15":3,"16":3,"17":3,"18":3},"f":{"0":4,"1":3,"2":3},"b":{"0":[1],"1":[3,0],"2":[3,3],"3":[0,3],"4":[3,3],"5":[2,1]}}
,"/Users/viki/WebstormProjects/shoppingcart/src/modules/auth/auth.service.ts": {"path":"/Users/viki/WebstormProjects/shoppingcart/src/modules/auth/auth.service.ts","statementMap":{"0":{"start":{"line":1,"column":0},"end":{"line":1,"column":57}},"1":{"start":{"line":2,"column":0},"end":{"line":2,"column":49}},"2":{"start":{"line":3,"column":0},"end":{"line":3,"column":41}},"3":{"start":{"line":4,"column":0},"end":{"line":4,"column":33}},"4":{"start":{"line":6,"column":0},"end":{"line":6,"column":39}},"5":{"start":{"line":9,"column":0},"end":{"line":47,"column":null}},"6":{"start":{"line":11,"column":16},"end":{"line":11,"column":29}},"7":{"start":{"line":12,"column":16},"end":{"line":12,"column":28}},"8":{"start":{"line":16,"column":21},"end":{"line":16,"column":67}},"9":{"start":{"line":17,"column":8},"end":{"line":19,"column":null}},"10":{"start":{"line":18,"column":12},"end":{"line":18,"column":84}},"11":{"start":{"line":20,"column":29},"end":{"line":20,"column":31}},"12":{"start":{"line":21,"column":31},"end":{"line":21,"column":72}},"13":{"start":{"line":22,"column":24},"end":{"line":22,"column":34}},"14":{"start":{"line":23,"column":8},"end":{"line":23,"column":36}},"15":{"start":{"line":24,"column":8},"end":{"line":24,"column":42}},"16":{"start":{"line":25,"column":8},"end":{"line":25,"column":28}},"17":{"start":{"line":26,"column":8},"end":{"line":26,"column":45}},"18":{"start":{"line":27,"column":8},"end":{"line":27,"column":23}},"19":{"start":{"line":31,"column":21},"end":{"line":31,"column":73}},"20":{"start":{"line":32,"column":8},"end":{"line":34,"column":null}},"21":{"start":{"line":33,"column":12},"end":{"line":33,"column":97}},"22":{"start":{"line":35,"column":28},"end":{"line":35,"column":73}},"23":{"start":{"line":36,"column":8},"end":{"line":38,"column":null}},"24":{"start":{"line":37,"column":12},"end":{"line":37,"column":98}},"25":{"start":{"line":39,"column":8},"end":{"line":41,"column":null}},"26":{"start":{"line":40,"column":12},"end":{"line":40,"column":85}},"27":{"start":{"line":42,"column":24},"end":{"line":42,"column":79}},"28":{"start":{"line":43,"column":8},"end":{"line":45,"column":null}},"29":{"start":{"line":9,"column":13},"end":{"line":47,"column":null}},"30":{"start":{"line":9,"column":13},"end":{"line":9,"column":24}}},"fnMap":{"0":{"name":"(anonymous_15)","decl":{"start":{"line":10,"column":4},"end":{"line":10,"column":null}},"loc":{"start":{"line":12,"column":38},"end":{"line":13,"column":8}}},"1":{"name":"(anonymous_16)","decl":{"start":{"line":15,"column":17},"end":{"line":15,"column":23}},"loc":{"start":{"line":15,"column":70},"end":{"line":28,"column":null}}},"2":{"name":"(anonymous_18)","decl":{"start":{"line":30,"column":17},"end":{"line":30,"column":23}},"loc":{"start":{"line":30,"column":58},"end":{"line":46,"column":null}}}},"branchMap":{"0":{"loc":{"start":{"line":17,"column":8},"end":{"line":19,"column":null}},"type":"if","locations":[{"start":{"line":17,"column":8},"end":{"line":19,"column":null}}]},"1":{"loc":{"start":{"line":32,"column":8},"end":{"line":34,"column":null}},"type":"if","locations":[{"start":{"line":32,"column":8},"end":{"line":34,"column":null}}]},"2":{"loc":{"start":{"line":36,"column":8},"end":{"line":38,"column":null}},"type":"if","locations":[{"start":{"line":36,"column":8},"end":{"line":38,"column":null}}]},"3":{"loc":{"start":{"line":39,"column":8},"end":{"line":41,"column":null}},"type":"if","locations":[{"start":{"line":39,"column":8},"end":{"line":41,"column":null}}]}},"s":{"0":2,"1":2,"2":2,"3":2,"4":2,"5":2,"6":7,"7":7,"8":2,"9":2,"10":1,"11":1,"12":1,"13":1,"14":1,"15":1,"16":1,"17":1,"18":1,"19":4,"20":4,"21":1,"22":3,"23":1,"24":0,"25":1,"26":0,"27":1,"28":1,"29":2,"30":2},"f":{"0":7,"1":2,"2":4},"b":{"0":[1],"1":[1],"2":[0],"3":[0]}}
,"/Users/viki/WebstormProjects/shoppingcart/src/modules/auth/auth.types.ts": {"path":"/Users/viki/WebstormProjects/shoppingcart/src/modules/auth/auth.types.ts","statementMap":{"0":{"start":{"line":1,"column":0},"end":{"line":1,"column":43}},"1":{"start":{"line":3,"column":0},"end":{"line":3,"column":13}},"2":{"start":{"line":10,"column":4},"end":{"line":10,"column":null}},"3":{"start":{"line":13,"column":4},"end":{"line":13,"column":null}},"4":{"start":{"line":8,"column":0},"end":{"line":8,"column":13}}},"fnMap":{},"branchMap":{},"s":{"0":1,"1":1,"2":1,"3":1,"4":1},"f":{},"b":{}}
,"/Users/viki/WebstormProjects/shoppingcart/src/modules/cart/cart.entity.ts": {"path":"/Users/viki/WebstormProjects/shoppingcart/src/modules/cart/cart.entity.ts","statementMap":{"0":{"start":{"line":1,"column":0},"end":{"line":1,"column":86}},"1":{"start":{"line":2,"column":0},"end":{"line":2,"column":50}},"2":{"start":{"line":3,"column":0},"end":{"line":3,"column":41}},"3":{"start":{"line":6,"column":0},"end":{"line":25,"column":null}},"4":{"start":{"line":9,"column":4},"end":{"line":9,"column":null}},"5":{"start":{"line":12,"column":4},"end":{"line":12,"column":null}},"6":{"start":{"line":15,"column":4},"end":{"line":15,"column":null}},"7":{"start":{"line":19,"column":4},"end":{"line":19,"column":null}},"8":{"start":{"line":17,"column":23},"end":{"line":17,"column":30}},"9":{"start":{"line":17,"column":40},"end":{"line":17,"column":47}},"10":{"start":{"line":23,"column":4},"end":{"line":23,"column":null}},"11":{"start":{"line":21,"column":23},"end":{"line":21,"column":27}},"12":{"start":{"line":21,"column":37},"end":{"line":21,"column":44}},"13":{"start":{"line":6,"column":13},"end":{"line":25,"column":null}},"14":{"start":{"line":6,"column":13},"end":{"line":6,"column":17}}},"fnMap":{"0":{"name":"(anonymous_2)","decl":{"start":{"line":17,"column":15},"end":{"line":17,"column":19}},"loc":{"start":{"line":17,"column":23},"end":{"line":17,"column":30}}},"1":{"name":"(anonymous_3)","decl":{"start":{"line":17,"column":32},"end":{"line":17,"column":36}},"loc":{"start":{"line":17,"column":40},"end":{"line":17,"column":47}}},"2":{"name":"(anonymous_4)","decl":{"start":{"line":21,"column":15},"end":{"line":21,"column":19}},"loc":{"start":{"line":21,"column":23},"end":{"line":21,"column":27}}},"3":{"name":"(anonymous_5)","decl":{"start":{"line":21,"column":29},"end":{"line":21,"column":33}},"loc":{"start":{"line":21,"column":37},"end":{"line":21,"column":44}}}},"branchMap":{},"s":{"0":7,"1":7,"2":7,"3":7,"4":7,"5":7,"6":7,"7":7,"8":0,"9":0,"10":7,"11":0,"12":0,"13":7,"14":7},"f":{"0":0,"1":0,"2":0,"3":0},"b":{}}
,"/Users/viki/WebstormProjects/shoppingcart/src/modules/cart/cart.service.ts": {"path":"/Users/viki/WebstormProjects/shoppingcart/src/modules/cart/cart.service.ts","statementMap":{"0":{"start":{"line":1,"column":0},"end":{"line":1,"column":57}},"1":{"start":{"line":2,"column":0},"end":{"line":2,"column":49}},"2":{"start":{"line":3,"column":0},"end":{"line":3,"column":35}},"3":{"start":{"line":4,"column":0},"end":{"line":4,"column":35}},"4":{"start":{"line":6,"column":0},"end":{"line":6,"column":58}},"5":{"start":{"line":10,"column":0},"end":{"line":57,"column":null}},"6":{"start":{"line":13,"column":40},"end":{"line":13,"column":56}},"7":{"start":{"line":14,"column":16},"end":{"line":14,"column":32}},"8":{"start":{"line":19,"column":26},"end":{"line":19,"column":117}},"9":{"start":{"line":20,"column":24},"end":{"line":20,"column":69}},"10":{"start":{"line":22,"column":8},"end":{"line":24,"column":null}},"11":{"start":{"line":23,"column":12},"end":{"line":23,"column":77}},"12":{"start":{"line":25,"column":21},"end":{"line":26,"column":null}},"13":{"start":{"line":26,"column":22},"end":{"line":26,"column":48}},"14":{"start":{"line":28,"column":8},"end":{"line":40,"column":null}},"15":{"start":{"line":30,"column":28},"end":{"line":30,"column":91}},"16":{"start":{"line":31,"column":12},"end":{"line":31,"column":32}},"17":{"start":{"line":32,"column":12},"end":{"line":32,"column":35}},"18":{"start":{"line":33,"column":12},"end":{"line":33,"column":52}},"19":{"start":{"line":34,"column":12},"end":{"line":34,"column":27}},"20":{"start":{"line":36,"column":30},"end":{"line":36,"column":51}},"21":{"start":{"line":37,"column":26},"end":{"line":37,"column":61}},"22":{"start":{"line":38,"column":12},"end":{"line":38,"column":78}},"23":{"start":{"line":39,"column":12},"end":{"line":39,"column":27}},"24":{"start":{"line":44,"column":25},"end":{"line":44,"column":116}},"25":{"start":{"line":45,"column":8},"end":{"line":45,"column":24}},"26":{"start":{"line":49,"column":26},"end":{"line":49,"column":117}},"27":{"start":{"line":50,"column":21},"end":{"line":51,"column":null}},"28":{"start":{"line":51,"column":22},"end":{"line":51,"column":48}},"29":{"start":{"line":53,"column":8},"end":{"line":53,"column":50}},"30":{"start":{"line":54,"column":8},"end":{"line":54,"column":41}},"31":{"start":{"line":10,"column":13},"end":{"line":57,"column":null}},"32":{"start":{"line":10,"column":13},"end":{"line":10,"column":24}}},"fnMap":{"0":{"name":"(anonymous_11)","decl":{"start":{"line":12,"column":4},"end":{"line":12,"column":null}},"loc":{"start":{"line":14,"column":46},"end":{"line":16,"column":5}}},"1":{"name":"(anonymous_12)","decl":{"start":{"line":18,"column":17},"end":{"line":18,"column":26}},"loc":{"start":{"line":18,"column":56},"end":{"line":41,"column":null}}},"2":{"name":"(anonymous_14)","decl":{"start":{"line":26,"column":12},"end":{"line":26,"column":13}},"loc":{"start":{"line":26,"column":22},"end":{"line":26,"column":48}}},"3":{"name":"(anonymous_15)","decl":{"start":{"line":43,"column":10},"end":{"line":43,"column":24}},"loc":{"start":{"line":43,"column":35},"end":{"line":46,"column":null}}},"4":{"name":"(anonymous_17)","decl":{"start":{"line":48,"column":10},"end":{"line":48,"column":27}},"loc":{"start":{"line":48,"column":57},"end":{"line":55,"column":null}}},"5":{"name":"(anonymous_19)","decl":{"start":{"line":51,"column":12},"end":{"line":51,"column":13}},"loc":{"start":{"line":51,"column":22},"end":{"line":51,"column":48}}}},"branchMap":{"0":{"loc":{"start":{"line":22,"column":8},"end":{"line":24,"column":null}},"type":"if","locations":[{"start":{"line":22,"column":8},"end":{"line":24,"column":null}}]},"1":{"loc":{"start":{"line":22,"column":12},"end":{"line":22,"column":40}},"type":"binary-expr","locations":[{"start":{"line":22,"column":12},"end":{"line":22,"column":20}},{"start":{"line":22,"column":24},"end":{"line":22,"column":40}}]},"2":{"loc":{"start":{"line":28,"column":8},"end":{"line":40,"column":null}},"type":"if","locations":[{"start":{"line":28,"column":8},"end":{"line":40,"column":null}},{"start":{"line":35,"column":15},"end":{"line":40,"column":null}}]}},"s":{"0":1,"1":1,"2":1,"3":1,"4":1,"5":1,"6":6,"7":6,"8":3,"9":3,"10":3,"11":1,"12":2,"13":4,"14":2,"15":1,"16":1,"17":1,"18":1,"19":1,"20":1,"21":1,"22":1,"23":1,"24":2,"25":2,"26":1,"27":1,"28":2,"29":1,"30":1,"31":1,"32":1},"f":{"0":6,"1":3,"2":4,"3":2,"4":1,"5":2},"b":{"0":[1],"1":[3,2],"2":[1,1]}}
,"/Users/viki/WebstormProjects/shoppingcart/src/modules/product/product.controller.ts": {"path":"/Users/viki/WebstormProjects/shoppingcart/src/modules/product/product.controller.ts","statementMap":{"0":{"start":{"line":1,"column":0},"end":{"line":1,"column":77}},"1":{"start":{"line":2,"column":0},"end":{"line":2,"column":49}},"2":{"start":{"line":3,"column":0},"end":{"line":3,"column":87}},"3":{"start":{"line":4,"column":0},"end":{"line":4,"column":45}},"4":{"start":{"line":5,"column":0},"end":{"line":5,"column":46}},"5":{"start":{"line":6,"column":0},"end":{"line":6,"column":45}},"6":{"start":{"line":7,"column":0},"end":{"line":7,"column":39}},"7":{"start":{"line":8,"column":0},"end":{"line":8,"column":41}},"8":{"start":{"line":9,"column":0},"end":{"line":9,"column":46}},"9":{"start":{"line":14,"column":0},"end":{"line":54,"column":null}},"10":{"start":{"line":17,"column":16},"end":{"line":17,"column":32}},"11":{"start":{"line":25,"column":8},"end":{"line":28,"column":null}},"12":{"start":{"line":34,"column":8},"end":{"line":37,"column":null}},"13":{"start":{"line":43,"column":24},"end":{"line":43,"column":37}},"14":{"start":{"line":44,"column":8},"end":{"line":44,"column":33}},"15":{"start":{"line":45,"column":8},"end":{"line":45,"column":35}},"16":{"start":{"line":46,"column":8},"end":{"line":46,"column":31}},"17":{"start":{"line":47,"column":8},"end":{"line":50,"column":null}},"18":{"start":{"line":24,"column":4},"end":{"line":29,"column":null}},"19":{"start":{"line":33,"column":4},"end":{"line":38,"column":null}},"20":{"start":{"line":42,"column":4},"end":{"line":51,"column":null}},"21":{"start":{"line":14,"column":13},"end":{"line":54,"column":null}},"22":{"start":{"line":14,"column":13},"end":{"line":14,"column":30}}},"fnMap":{"0":{"name":"(anonymous_11)","decl":{"start":{"line":16,"column":4},"end":{"line":16,"column":null}},"loc":{"start":{"line":17,"column":46},"end":{"line":19,"column":5}}},"1":{"name":"(anonymous_12)","decl":{"start":{"line":24,"column":17},"end":{"line":24,"column":28}},"loc":{"start":{"line":24,"column":28},"end":{"line":29,"column":null}}},"2":{"name":"(anonymous_14)","decl":{"start":{"line":33,"column":17},"end":{"line":33,"column":32}},"loc":{"start":{"line":33,"column":65},"end":{"line":38,"column":null}}},"3":{"name":"(anonymous_16)","decl":{"start":{"line":42,"column":17},"end":{"line":42,"column":27}},"loc":{"start":{"line":42,"column":59},"end":{"line":51,"column":null}}}},"branchMap":{},"s":{"0":1,"1":1,"2":1,"3":1,"4":1,"5":1,"6":1,"7":1,"8":1,"9":1,"10":4,"11":1,"12":1,"13":1,"14":1,"15":1,"16":1,"17":1,"18":1,"19":1,"20":1,"21":1,"22":1},"f":{"0":4,"1":1,"2":1,"3":1},"b":{}}
,"/Users/viki/WebstormProjects/shoppingcart/src/modules/product/product.entity.ts": {"path":"/Users/viki/WebstormProjects/shoppingcart/src/modules/product/product.entity.ts","statementMap":{"0":{"start":{"line":1,"column":0},"end":{"line":1,"column":null}},"1":{"start":{"line":10,"column":0},"end":{"line":10,"column":41}},"2":{"start":{"line":14,"column":0},"end":{"line":38,"column":null}},"3":{"start":{"line":17,"column":4},"end":{"line":17,"column":null}},"4":{"start":{"line":20,"column":4},"end":{"line":20,"column":null}},"5":{"start":{"line":23,"column":4},"end":{"line":23,"column":null}},"6":{"start":{"line":26,"column":4},"end":{"line":26,"column":null}},"7":{"start":{"line":29,"column":4},"end":{"line":29,"column":null}},"8":{"start":{"line":32,"column":4},"end":{"line":32,"column":null}},"9":{"start":{"line":36,"column":4},"end":{"line":36,"column":null}},"10":{"start":{"line":34,"column":23},"end":{"line":34,"column":27}},"11":{"start":{"line":34,"column":37},"end":{"line":34,"column":44}},"12":{"start":{"line":14,"column":13},"end":{"line":38,"column":null}},"13":{"start":{"line":14,"column":13},"end":{"line":14,"column":20}}},"fnMap":{"0":{"name":"(anonymous_2)","decl":{"start":{"line":34,"column":15},"end":{"line":34,"column":19}},"loc":{"start":{"line":34,"column":23},"end":{"line":34,"column":27}}},"1":{"name":"(anonymous_3)","decl":{"start":{"line":34,"column":29},"end":{"line":34,"column":33}},"loc":{"start":{"line":34,"column":37},"end":{"line":34,"column":44}}}},"branchMap":{},"s":{"0":7,"1":7,"2":7,"3":7,"4":7,"5":7,"6":7,"7":7,"8":7,"9":7,"10":0,"11":0,"12":7,"13":7},"f":{"0":0,"1":0},"b":{}}
,"/Users/viki/WebstormProjects/shoppingcart/src/modules/product/product.service.ts": {"path":"/Users/viki/WebstormProjects/shoppingcart/src/modules/product/product.service.ts","statementMap":{"0":{"start":{"line":1,"column":0},"end":{"line":1,"column":57}},"1":{"start":{"line":2,"column":0},"end":{"line":2,"column":49}},"2":{"start":{"line":3,"column":0},"end":{"line":3,"column":41}},"3":{"start":{"line":4,"column":0},"end":{"line":4,"column":35}},"4":{"start":{"line":8,"column":0},"end":{"line":41,"column":null}},"5":{"start":{"line":11,"column":43},"end":{"line":11,"column":62}},"6":{"start":{"line":16,"column":8},"end":{"line":16,"column":45}},"7":{"start":{"line":20,"column":8},"end":{"line":20,"column":50}},"8":{"start":{"line":24,"column":8},"end":{"line":24,"column":52}},"9":{"start":{"line":28,"column":8},"end":{"line":28,"column":65}},"10":{"start":{"line":32,"column":24},"end":{"line":32,"column":47}},"11":{"start":{"line":33,"column":8},"end":{"line":35,"column":null}},"12":{"start":{"line":34,"column":12},"end":{"line":34,"column":77}},"13":{"start":{"line":36,"column":8},"end":{"line":36,"column":32}},"14":{"start":{"line":37,"column":8},"end":{"line":37,"column":35}},"15":{"start":{"line":38,"column":8},"end":{"line":38,"column":23}},"16":{"start":{"line":8,"column":13},"end":{"line":41,"column":null}},"17":{"start":{"line":8,"column":13},"end":{"line":8,"column":27}}},"fnMap":{"0":{"name":"(anonymous_11)","decl":{"start":{"line":10,"column":4},"end":{"line":10,"column":null}},"loc":{"start":{"line":11,"column":81},"end":{"line":13,"column":5}}},"1":{"name":"(anonymous_12)","decl":{"start":{"line":15,"column":17},"end":{"line":15,"column":23}},"loc":{"start":{"line":15,"column":23},"end":{"line":17,"column":null}}},"2":{"name":"(anonymous_14)","decl":{"start":{"line":19,"column":17},"end":{"line":19,"column":25}},"loc":{"start":{"line":19,"column":36},"end":{"line":21,"column":null}}},"3":{"name":"(anonymous_16)","decl":{"start":{"line":23,"column":17},"end":{"line":23,"column":23}},"loc":{"start":{"line":23,"column":40},"end":{"line":25,"column":null}}},"4":{"name":"(anonymous_18)","decl":{"start":{"line":27,"column":17},"end":{"line":27,"column":23}},"loc":{"start":{"line":27,"column":40},"end":{"line":29,"column":null}}},"5":{"name":"(anonymous_20)","decl":{"start":{"line":31,"column":17},"end":{"line":31,"column":32}},"loc":{"start":{"line":31,"column":59},"end":{"line":39,"column":null}}}},"branchMap":{"0":{"loc":{"start":{"line":33,"column":8},"end":{"line":35,"column":null}},"type":"if","locations":[{"start":{"line":33,"column":8},"end":{"line":35,"column":null}}]}},"s":{"0":3,"1":3,"2":3,"3":3,"4":3,"5":6,"6":1,"7":4,"8":0,"9":1,"10":2,"11":2,"12":1,"13":1,"14":1,"15":1,"16":3,"17":3},"f":{"0":6,"1":1,"2":4,"3":0,"4":1,"5":2},"b":{"0":[1]}}
,"/Users/viki/WebstormProjects/shoppingcart/src/modules/product/product.types.ts": {"path":"/Users/viki/WebstormProjects/shoppingcart/src/modules/product/product.types.ts","statementMap":{"0":{"start":{"line":1,"column":0},"end":{"line":1,"column":43}},"1":{"start":{"line":3,"column":0},"end":{"line":3,"column":13}},"2":{"start":{"line":10,"column":4},"end":{"line":10,"column":null}},"3":{"start":{"line":13,"column":4},"end":{"line":13,"column":null}},"4":{"start":{"line":8,"column":0},"end":{"line":8,"column":13}},"5":{"start":{"line":18,"column":4},"end":{"line":18,"column":null}},"6":{"start":{"line":21,"column":4},"end":{"line":21,"column":null}},"7":{"start":{"line":16,"column":0},"end":{"line":16,"column":13}}},"fnMap":{},"branchMap":{},"s":{"0":1,"1":1,"2":1,"3":1,"4":1,"5":1,"6":1,"7":1},"f":{},"b":{}}
,"/Users/viki/WebstormProjects/shoppingcart/src/modules/role/role.decorator.ts": {"path":"/Users/viki/WebstormProjects/shoppingcart/src/modules/role/role.decorator.ts","statementMap":{"0":{"start":{"line":1,"column":0},"end":{"line":1,"column":45}},"1":{"start":{"line":5,"column":13},"end":{"line":5,"column":32}},"2":{"start":{"line":6,"column":21},"end":{"line":6,"column":72}},"3":{"start":{"line":6,"column":43},"end":{"line":6,"column":72}},"4":{"start":{"line":6,"column":13},"end":{"line":6,"column":21}}},"fnMap":{"0":{"name":"(anonymous_0)","decl":{"start":{"line":6,"column":21},"end":{"line":6,"column":22}},"loc":{"start":{"line":6,"column":43},"end":{"line":6,"column":72}}}},"branchMap":{},"s":{"0":3,"1":3,"2":3,"3":4,"4":3},"f":{"0":4},"b":{}}
,"/Users/viki/WebstormProjects/shoppingcart/src/modules/role/role.enum.ts": {"path":"/Users/viki/WebstormProjects/shoppingcart/src/modules/role/role.enum.ts","statementMap":{"0":{"start":{"line":1,"column":0},"end":{"line":1,"column":null}},"1":{"start":{"line":2,"column":4},"end":{"line":2,"column":null}},"2":{"start":{"line":3,"column":4},"end":{"line":3,"column":null}}},"fnMap":{"0":{"name":"(anonymous_0)","decl":{"start":{"line":1,"column":0},"end":{"line":1,"column":12}},"loc":{"start":{"line":1,"column":16},"end":{"line":4,"column":1}}}},"branchMap":{"0":{"loc":{"start":{"line":1,"column":12},"end":{"line":1,"column":null}},"type":"binary-expr","locations":[{"start":{"line":1,"column":12},"end":{"line":1,"column":16}},{"start":{"line":1,"column":12},"end":{"line":1,"column":null}}]}},"s":{"0":7,"1":7,"2":7},"f":{"0":7},"b":{"0":[7,7]}}
,"/Users/viki/WebstormProjects/shoppingcart/src/modules/role/role.guard.ts": {"path":"/Users/viki/WebstormProjects/shoppingcart/src/modules/role/role.guard.ts","statementMap":{"0":{"start":{"line":1,"column":0},"end":{"line":1,"column":75}},"1":{"start":{"line":2,"column":0},"end":{"line":2,"column":41}},"2":{"start":{"line":4,"column":0},"end":{"line":4,"column":43}},"3":{"start":{"line":7,"column":0},"end":{"line":21,"column":null}},"4":{"start":{"line":8,"column":24},"end":{"line":8,"column":35}},"5":{"start":{"line":11,"column":30},"end":{"line":14,"column":10}},"6":{"start":{"line":15,"column":8},"end":{"line":17,"column":null}},"7":{"start":{"line":16,"column":12},"end":{"line":16,"column":24}},"8":{"start":{"line":18,"column":25},"end":{"line":18,"column":60}},"9":{"start":{"line":19,"column":8},"end":{"line":19,"column":65}},"10":{"start":{"line":19,"column":45},"end":{"line":19,"column":63}},"11":{"start":{"line":7,"column":13},"end":{"line":21,"column":null}},"12":{"start":{"line":7,"column":13},"end":{"line":7,"column":23}}},"fnMap":{"0":{"name":"(anonymous_2)","decl":{"start":{"line":8,"column":4},"end":{"line":8,"column":24}},"loc":{"start":{"line":8,"column":44},"end":{"line":8,"column":48}}},"1":{"name":"(anonymous_3)","decl":{"start":{"line":10,"column":4},"end":{"line":10,"column":15}},"loc":{"start":{"line":10,"column":41},"end":{"line":20,"column":5}}},"2":{"name":"(anonymous_4)","decl":{"start":{"line":19,"column":35},"end":{"line":19,"column":36}},"loc":{"start":{"line":19,"column":45},"end":{"line":19,"column":63}}}},"branchMap":{"0":{"loc":{"start":{"line":15,"column":8},"end":{"line":17,"column":null}},"type":"if","locations":[{"start":{"line":15,"column":8},"end":{"line":17,"column":null}}]}},"s":{"0":3,"1":3,"2":3,"3":3,"4":5,"5":2,"6":2,"7":0,"8":2,"9":2,"10":2,"11":3,"12":3},"f":{"0":5,"1":2,"2":2},"b":{"0":[0]}}
,"/Users/viki/WebstormProjects/shoppingcart/src/modules/user/user.controller.ts": {"path":"/Users/viki/WebstormProjects/shoppingcart/src/modules/user/user.controller.ts","statementMap":{"0":{"start":{"line":1,"column":0},"end":{"line":1,"column":87}},"1":{"start":{"line":2,"column":0},"end":{"line":2,"column":45}},"2":{"start":{"line":3,"column":0},"end":{"line":3,"column":46}},"3":{"start":{"line":4,"column":0},"end":{"line":4,"column":45}},"4":{"start":{"line":5,"column":0},"end":{"line":5,"column":39}},"5":{"start":{"line":6,"column":0},"end":{"line":6,"column":43}},"6":{"start":{"line":7,"column":0},"end":{"line":7,"column":61}},"7":{"start":{"line":11,"column":0},"end":{"line":29,"column":null}},"8":{"start":{"line":14,"column":16},"end":{"line":14,"column":29}},"9":{"start":{"line":23,"column":8},"end":{"line":26,"column":null}},"10":{"start":{"line":22,"column":4},"end":{"line":27,"column":null}},"11":{"start":{"line":11,"column":13},"end":{"line":29,"column":null}},"12":{"start":{"line":11,"column":13},"end":{"line":11,"column":27}}},"fnMap":{"0":{"name":"(anonymous_11)","decl":{"start":{"line":13,"column":4},"end":{"line":13,"column":null}},"loc":{"start":{"line":14,"column":40},"end":{"line":16,"column":5}}},"1":{"name":"(anonymous_12)","decl":{"start":{"line":22,"column":17},"end":{"line":22,"column":28}},"loc":{"start":{"line":22,"column":57},"end":{"line":27,"column":null}}}},"branchMap":{},"s":{"0":1,"1":1,"2":1,"3":1,"4":1,"5":1,"6":1,"7":1,"8":2,"9":1,"10":1,"11":1,"12":1},"f":{"0":2,"1":1},"b":{}}
,"/Users/viki/WebstormProjects/shoppingcart/src/modules/user/user.entity.ts": {"path":"/Users/viki/WebstormProjects/shoppingcart/src/modules/user/user.entity.ts","statementMap":{"0":{"start":{"line":1,"column":0},"end":{"line":1,"column":null}},"1":{"start":{"line":10,"column":0},"end":{"line":10,"column":39}},"2":{"start":{"line":11,"column":0},"end":{"line":11,"column":41}},"3":{"start":{"line":14,"column":0},"end":{"line":41,"column":null}},"4":{"start":{"line":16,"column":4},"end":{"line":16,"column":null}},"5":{"start":{"line":19,"column":4},"end":{"line":19,"column":null}},"6":{"start":{"line":22,"column":4},"end":{"line":22,"column":null}},"7":{"start":{"line":25,"column":4},"end":{"line":25,"column":null}},"8":{"start":{"line":30,"column":4},"end":{"line":30,"column":null}},"9":{"start":{"line":33,"column":4},"end":{"line":33,"column":null}},"10":{"start":{"line":36,"column":4},"end":{"line":36,"column":null}},"11":{"start":{"line":40,"column":4},"end":{"line":40,"column":null}},"12":{"start":{"line":38,"column":22},"end":{"line":38,"column":26}},"13":{"start":{"line":38,"column":36},"end":{"line":38,"column":43}},"14":{"start":{"line":14,"column":13},"end":{"line":41,"column":null}},"15":{"start":{"line":14,"column":13},"end":{"line":14,"column":17}}},"fnMap":{"0":{"name":"(anonymous_2)","decl":{"start":{"line":38,"column":14},"end":{"line":38,"column":18}},"loc":{"start":{"line":38,"column":22},"end":{"line":38,"column":26}}},"1":{"name":"(anonymous_3)","decl":{"start":{"line":38,"column":28},"end":{"line":38,"column":32}},"loc":{"start":{"line":38,"column":36},"end":{"line":38,"column":43}}}},"branchMap":{},"s":{"0":7,"1":7,"2":7,"3":7,"4":7,"5":7,"6":7,"7":7,"8":7,"9":7,"10":7,"11":7,"12":0,"13":0,"14":7,"15":7},"f":{"0":0,"1":0},"b":{}}
,"/Users/viki/WebstormProjects/shoppingcart/src/modules/user/user.service.ts": {"path":"/Users/viki/WebstormProjects/shoppingcart/src/modules/user/user.service.ts","statementMap":{"0":{"start":{"line":1,"column":0},"end":{"line":1,"column":44}},"1":{"start":{"line":2,"column":0},"end":{"line":2,"column":51}},"2":{"start":{"line":3,"column":0},"end":{"line":3,"column":37}},"3":{"start":{"line":4,"column":0},"end":{"line":4,"column":37}},"4":{"start":{"line":7,"column":0},"end":{"line":35,"column":null}},"5":{"start":{"line":10,"column":16},"end":{"line":10,"column":33}},"6":{"start":{"line":14,"column":8},"end":{"line":14,"column":62}},"7":{"start":{"line":18,"column":8},"end":{"line":18,"column":105}},"8":{"start":{"line":22,"column":8},"end":{"line":22,"column":46}},"9":{"start":{"line":26,"column":8},"end":{"line":26,"column":46}},"10":{"start":{"line":30,"column":21},"end":{"line":30,"column":55}},"11":{"start":{"line":31,"column":8},"end":{"line":31,"column":33}},"12":{"start":{"line":32,"column":8},"end":{"line":32,"column":30}},"13":{"start":{"line":33,"column":8},"end":{"line":33,"column":20}},"14":{"start":{"line":7,"column":13},"end":{"line":35,"column":null}},"15":{"start":{"line":7,"column":13},"end":{"line":7,"column":24}}},"fnMap":{"0":{"name":"(anonymous_11)","decl":{"start":{"line":8,"column":4},"end":{"line":8,"column":null}},"loc":{"start":{"line":10,"column":49},"end":{"line":11,"column":8}}},"1":{"name":"(anonymous_12)","decl":{"start":{"line":13,"column":10},"end":{"line":13,"column":23}},"loc":{"start":{"line":13,"column":36},"end":{"line":15,"column":null}}},"2":{"name":"(anonymous_14)","decl":{"start":{"line":17,"column":10},"end":{"line":17,"column":29}},"loc":{"start":{"line":17,"column":42},"end":{"line":19,"column":null}}},"3":{"name":"(anonymous_16)","decl":{"start":{"line":21,"column":10},"end":{"line":21,"column":14}},"loc":{"start":{"line":21,"column":25},"end":{"line":23,"column":null}}},"4":{"name":"(anonymous_18)","decl":{"start":{"line":25,"column":10},"end":{"line":25,"column":16}},"loc":{"start":{"line":25,"column":27},"end":{"line":27,"column":null}}},"5":{"name":"(anonymous_20)","decl":{"start":{"line":29,"column":17},"end":{"line":29,"column":30}},"loc":{"start":{"line":29,"column":65},"end":{"line":34,"column":null}}}},"branchMap":{},"s":{"0":4,"1":4,"2":4,"3":4,"4":4,"5":4,"6":2,"7":0,"8":2,"9":0,"10":1,"11":1,"12":1,"13":1,"14":4,"15":4},"f":{"0":4,"1":2,"2":0,"3":2,"4":0,"5":1},"b":{}}
,"/Users/viki/WebstormProjects/shoppingcart/src/modules/user/user.types.ts": {"path":"/Users/viki/WebstormProjects/shoppingcart/src/modules/user/user.types.ts","statementMap":{"0":{"start":{"line":1,"column":0},"end":{"line":1,"column":43}},"1":{"start":{"line":3,"column":0},"end":{"line":3,"column":13}},"2":{"start":{"line":10,"column":4},"end":{"line":10,"column":null}},"3":{"start":{"line":13,"column":4},"end":{"line":13,"column":null}},"4":{"start":{"line":8,"column":0},"end":{"line":8,"column":13}}},"fnMap":{},"branchMap":{},"s":{"0":1,"1":1,"2":1,"3":1,"4":1},"f":{},"b":{}}
}
