TN:
SF:src/modules/auth/auth.controller.ts
FN:11,(anonymous_11)
FN:19,(anonymous_12)
FN:34,(anonymous_14)
FNF:3
FNH:3
FNDA:4,(anonymous_11)
FNDA:2,(anonymous_12)
FNDA:1,(anonymous_14)
DA:1,1
DA:2,1
DA:3,1
DA:4,1
DA:5,1
DA:9,1
DA:12,4
DA:13,4
DA:19,1
DA:21,2
DA:22,2
DA:23,2
DA:24,1
DA:26,2
DA:34,1
DA:35,1
LF:16
LH:16
BRDA:23,0,0,1
BRDA:23,1,0,2
BRDA:23,1,1,1
BRF:3
BRH:3
end_of_record
TN:
SF:src/modules/auth/auth.guard.ts
FN:13,(anonymous_9)
FN:18,(anonymous_10)
FN:40,(anonymous_12)
FNF:3
FNH:3
FNDA:4,(anonymous_9)
FNDA:3,(anonymous_10)
FNDA:3,(anonymous_12)
DA:1,3
DA:7,3
DA:9,3
DA:12,3
DA:14,4
DA:15,4
DA:19,3
DA:20,3
DA:21,3
DA:22,1
DA:24,2
DA:25,2
DA:33,1
DA:35,1
DA:37,1
DA:41,3
DA:42,3
LF:17
LH:17
BRDA:21,0,0,1
BRDA:41,1,0,3
BRDA:41,1,1,0
BRDA:41,2,0,3
BRDA:41,2,1,3
BRDA:41,3,0,0
BRDA:41,3,1,3
BRDA:41,4,0,3
BRDA:41,4,1,3
BRDA:42,5,0,2
BRDA:42,5,1,1
BRF:11
BRH:9
end_of_record
TN:
SF:src/modules/auth/auth.service.ts
FN:10,(anonymous_15)
FN:15,(anonymous_16)
FN:30,(anonymous_18)
FNF:3
FNH:3
FNDA:7,(anonymous_15)
FNDA:2,(anonymous_16)
FNDA:4,(anonymous_18)
DA:1,2
DA:2,2
DA:3,2
DA:4,2
DA:6,2
DA:9,2
DA:11,7
DA:12,7
DA:16,2
DA:17,2
DA:18,1
DA:20,1
DA:21,1
DA:22,1
DA:23,1
DA:24,1
DA:25,1
DA:26,1
DA:27,1
DA:31,4
DA:32,4
DA:33,1
DA:35,3
DA:36,1
DA:37,0
DA:39,1
DA:40,0
DA:42,1
DA:43,1
LF:29
LH:27
BRDA:17,0,0,1
BRDA:32,1,0,1
BRDA:36,2,0,0
BRDA:39,3,0,0
BRF:4
BRH:2
end_of_record
TN:
SF:src/modules/auth/auth.types.ts
FNF:0
FNH:0
DA:1,1
DA:3,1
DA:8,1
DA:10,1
DA:13,1
LF:5
LH:5
BRF:0
BRH:0
end_of_record
TN:
SF:src/modules/cart/cart.entity.ts
FN:17,(anonymous_2)
FN:17,(anonymous_3)
FN:21,(anonymous_4)
FN:21,(anonymous_5)
FNF:4
FNH:0
FNDA:0,(anonymous_2)
FNDA:0,(anonymous_3)
FNDA:0,(anonymous_4)
FNDA:0,(anonymous_5)
DA:1,7
DA:2,7
DA:3,7
DA:6,7
DA:9,7
DA:12,7
DA:15,7
DA:17,0
DA:19,7
DA:21,0
DA:23,7
LF:11
LH:9
BRF:0
BRH:0
end_of_record
TN:
SF:src/modules/cart/cart.service.ts
FN:12,(anonymous_11)
FN:18,(anonymous_12)
FN:26,(anonymous_14)
FN:43,(anonymous_15)
FN:48,(anonymous_17)
FN:51,(anonymous_19)
FNF:6
FNH:6
FNDA:6,(anonymous_11)
FNDA:3,(anonymous_12)
FNDA:4,(anonymous_14)
FNDA:2,(anonymous_15)
FNDA:1,(anonymous_17)
FNDA:2,(anonymous_19)
DA:1,1
DA:2,1
DA:3,1
DA:4,1
DA:6,1
DA:10,1
DA:13,6
DA:14,6
DA:19,3
DA:20,3
DA:22,3
DA:23,1
DA:25,2
DA:26,4
DA:28,2
DA:30,1
DA:31,1
DA:32,1
DA:33,1
DA:34,1
DA:36,1
DA:37,1
DA:38,1
DA:39,1
DA:44,2
DA:45,2
DA:49,1
DA:50,1
DA:51,2
DA:53,1
DA:54,1
LF:31
LH:31
BRDA:22,0,0,1
BRDA:22,1,0,3
BRDA:22,1,1,2
BRDA:28,2,0,1
BRDA:28,2,1,1
BRF:5
BRH:5
end_of_record
TN:
SF:src/modules/product/product.controller.ts
FN:16,(anonymous_11)
FN:24,(anonymous_12)
FN:33,(anonymous_14)
FN:42,(anonymous_16)
FNF:4
FNH:4
FNDA:4,(anonymous_11)
FNDA:1,(anonymous_12)
FNDA:1,(anonymous_14)
FNDA:1,(anonymous_16)
DA:1,1
DA:2,1
DA:3,1
DA:4,1
DA:5,1
DA:6,1
DA:7,1
DA:8,1
DA:9,1
DA:14,1
DA:17,4
DA:24,1
DA:25,1
DA:33,1
DA:34,1
DA:42,1
DA:43,1
DA:44,1
DA:45,1
DA:46,1
DA:47,1
LF:21
LH:21
BRF:0
BRH:0
end_of_record
TN:
SF:src/modules/product/product.entity.ts
FN:34,(anonymous_2)
FN:34,(anonymous_3)
FNF:2
FNH:0
FNDA:0,(anonymous_2)
FNDA:0,(anonymous_3)
DA:1,7
DA:10,7
DA:14,7
DA:17,7
DA:20,7
DA:23,7
DA:26,7
DA:29,7
DA:32,7
DA:34,0
DA:36,7
LF:11
LH:10
BRF:0
BRH:0
end_of_record
TN:
SF:src/modules/product/product.service.ts
FN:10,(anonymous_11)
FN:15,(anonymous_12)
FN:19,(anonymous_14)
FN:23,(anonymous_16)
FN:27,(anonymous_18)
FN:31,(anonymous_20)
FNF:6
FNH:5
FNDA:6,(anonymous_11)
FNDA:1,(anonymous_12)
FNDA:4,(anonymous_14)
FNDA:0,(anonymous_16)
FNDA:1,(anonymous_18)
FNDA:2,(anonymous_20)
DA:1,3
DA:2,3
DA:3,3
DA:4,3
DA:8,3
DA:11,6
DA:16,1
DA:20,4
DA:24,0
DA:28,1
DA:32,2
DA:33,2
DA:34,1
DA:36,1
DA:37,1
DA:38,1
LF:16
LH:15
BRDA:33,0,0,1
BRF:1
BRH:1
end_of_record
TN:
SF:src/modules/product/product.types.ts
FNF:0
FNH:0
DA:1,1
DA:3,1
DA:8,1
DA:10,1
DA:13,1
DA:16,1
DA:18,1
DA:21,1
LF:8
LH:8
BRF:0
BRH:0
end_of_record
TN:
SF:src/modules/role/role.decorator.ts
FN:6,(anonymous_0)
FNF:1
FNH:1
FNDA:4,(anonymous_0)
DA:1,3
DA:5,3
DA:6,4
LF:3
LH:3
BRF:0
BRH:0
end_of_record
TN:
SF:src/modules/role/role.enum.ts
FN:1,(anonymous_0)
FNF:1
FNH:1
FNDA:7,(anonymous_0)
DA:1,7
DA:2,7
DA:3,7
LF:3
LH:3
BRDA:1,0,0,7
BRDA:1,0,1,7
BRF:2
BRH:2
end_of_record
TN:
SF:src/modules/role/role.guard.ts
FN:8,(anonymous_2)
FN:10,(anonymous_3)
FN:19,(anonymous_4)
FNF:3
FNH:3
FNDA:5,(anonymous_2)
FNDA:2,(anonymous_3)
FNDA:2,(anonymous_4)
DA:1,3
DA:2,3
DA:4,3
DA:7,3
DA:8,5
DA:11,2
DA:15,2
DA:16,0
DA:18,2
DA:19,2
LF:10
LH:9
BRDA:15,0,0,0
BRF:1
BRH:0
end_of_record
TN:
SF:src/modules/user/user.controller.ts
FN:13,(anonymous_11)
FN:22,(anonymous_12)
FNF:2
FNH:2
FNDA:2,(anonymous_11)
FNDA:1,(anonymous_12)
DA:1,1
DA:2,1
DA:3,1
DA:4,1
DA:5,1
DA:6,1
DA:7,1
DA:11,1
DA:14,2
DA:22,1
DA:23,1
LF:11
LH:11
BRF:0
BRH:0
end_of_record
TN:
SF:src/modules/user/user.entity.ts
FN:38,(anonymous_2)
FN:38,(anonymous_3)
FNF:2
FNH:0
FNDA:0,(anonymous_2)
FNDA:0,(anonymous_3)
DA:1,7
DA:10,7
DA:11,7
DA:14,7
DA:16,7
DA:19,7
DA:22,7
DA:25,7
DA:30,7
DA:33,7
DA:36,7
DA:38,0
DA:40,7
LF:13
LH:12
BRF:0
BRH:0
end_of_record
TN:
SF:src/modules/user/user.service.ts
FN:8,(anonymous_11)
FN:13,(anonymous_12)
FN:17,(anonymous_14)
FN:21,(anonymous_16)
FN:25,(anonymous_18)
FN:29,(anonymous_20)
FNF:6
FNH:4
FNDA:4,(anonymous_11)
FNDA:2,(anonymous_12)
FNDA:0,(anonymous_14)
FNDA:2,(anonymous_16)
FNDA:0,(anonymous_18)
FNDA:1,(anonymous_20)
DA:1,4
DA:2,4
DA:3,4
DA:4,4
DA:7,4
DA:10,4
DA:14,2
DA:18,0
DA:22,2
DA:26,0
DA:30,1
DA:31,1
DA:32,1
DA:33,1
LF:14
LH:12
BRF:0
BRH:0
end_of_record
TN:
SF:src/modules/user/user.types.ts
FNF:0
FNH:0
DA:1,1
DA:3,1
DA:8,1
DA:10,1
DA:13,1
LF:5
LH:5
BRF:0
BRH:0
end_of_record
